<?xml version="1.0" encoding="UTF-8"?>
<testsuite xmlns:xsi="http://www.w3.org/2001/XMLSchema-instance" xsi:noNamespaceSchemaLocation="https://maven.apache.org/surefire/maven-surefire-plugin/xsd/surefire-test-report-3.0.xsd" version="3.0" name="com.ecoembes.e9.EcoembesE9ApplicationTests" time="2.611" tests="1" errors="0" skipped="0" failures="0">
  <properties>
[...]
</properties>
  <testcase name="contextLoads" classname="com.ecoembes.e9.EcoembesE9ApplicationTests" time="0.69">
    <system-out><![CDATA[17:24:24.702 [main] INFO org.springframework.test.context.support.AnnotationConfigContextLoaderUtils -- Could not detect default configuration classes for test class [com.ecoembes.e9.EcoembesE9ApplicationTests]: EcoembesE9ApplicationTests does not declare any static, non-private, non-final, nested classes annotated with @Configuration.
17:24:24.780 [main] INFO org.springframework.boot.test.context.SpringBootTestContextBootstrapper -- Found @SpringBootConfiguration com.ecoembes.e9.EcoembesE9Application for test class com.ecoembes.e9.EcoembesE9ApplicationTests

  .   ____          _            __ _ _
 /\\ / ___'_ __ _ _(_)_ __  __ _ \ \ \ \
( ( )\___ | '_ | '_| | '_ \/ _` | \ \ \ \
 \\/  ___)| |_)| | | | | || (_| |  ) ) ) )
  '  |____| .__|_| |_|_| |_\__, | / / / /
 =========|_|==============|___/=/_/_/_/
 :: Spring Boot ::                (v3.1.5)

2025-11-12T17:24:25.100+01:00  INFO 21076 --- [           main] c.e.e9.EcoembesE9ApplicationTests        : Starting EcoembesE9ApplicationTests using Java 17.0.17 with PID 21076 (started by mario in C:\Users\mario\Desktop\workspaceST\ecoembes-e9)
2025-11-12T17:24:25.102+01:00  INFO 21076 --- [           main] c.e.e9.EcoembesE9ApplicationTests        : No active profile set, falling back to 1 default profile: "default"
2025-11-12T17:24:26.493+01:00  INFO 21076 --- [           main] c.e.e9.EcoembesE9ApplicationTests        : Started EcoembesE9ApplicationTests in 1.587 seconds (process running for 2.288)
]]></system-out>
  </testcase>
</testsuite>